[2023-07-20 20:57:14,511]^;INFO^;234^;configuration.py^;get_training_pipeline_config()^;Training pipleine config: TrainingPipelineConfig(artifact_dir='D:\\Study\\ml_pipeline\\Fraud_transaction_detection\\fraud_detection_artifact\\artifact')
[2023-07-20 20:57:14,515]^;INFO^;234^;configuration.py^;get_training_pipeline_config()^;Training pipleine config: TrainingPipelineConfig(artifact_dir='D:\\Study\\ml_pipeline\\Fraud_transaction_detection\\fraud_detection_artifact\\artifact')
[2023-07-20 20:57:14,519]^;INFO^;234^;configuration.py^;get_training_pipeline_config()^;Training pipleine config: TrainingPipelineConfig(artifact_dir='D:\\Study\\ml_pipeline\\Fraud_transaction_detection\\fraud_detection_artifact\\artifact')
[2023-07-20 20:57:14,519]^;INFO^;66^;configuration.py^;get_data_ingestion_config()^;Data Ingestion config: DataIngestionConfig(dataset_download_url='https://drive.google.com/uc?export=download&confirm=6gh6&id=1VNpyNkGxHdskfdTNRSjjyNa5qC9u0JyV', raw_data_dir='D:\\Study\\ml_pipeline\\Fraud_transaction_detection\\fraud_detection_artifact\\artifact\\data_ingestion\\2023-07-20-20-57-13\\raw_data', ingested_train_dir='D:\\Study\\ml_pipeline\\Fraud_transaction_detection\\fraud_detection_artifact\\artifact\\data_ingestion\\2023-07-20-20-57-13\\ingested_data\\train', ingested_test_dir='D:\\Study\\ml_pipeline\\Fraud_transaction_detection\\fraud_detection_artifact\\artifact\\data_ingestion\\2023-07-20-20-57-13\\ingested_data\\test', dataset_location='D:\\Study\\ml_pipeline\\Fraud.csv')
[2023-07-20 20:57:14,519]^;INFO^;19^;data_ingestion.py^;__init__()^;>>>>>>>>>>>>>>>>>>>>>>>>>>>>>>>>>>>>>>>>Data Ingestion log started.<<<<<<<<<<<<<<<<<<<<<<<<<<<<<<<<<<<<<<<< 
[2023-07-20 20:57:14,521]^;INFO^;55^;data_ingestion.py^;get_housing_data()^; Raw data Directory ...
[2023-07-20 20:57:19,858]^;INFO^;65^;data_ingestion.py^;get_housing_data()^;File copied from D:\Study\ml_pipeline\Fraud.csv to D:\Study\ml_pipeline\Fraud_transaction_detection\fraud_detection_artifact\artifact\data_ingestion\2023-07-20-20-57-13\raw_data\Fraud.csv
[2023-07-20 20:57:19,859]^;INFO^;42^;data_ingestion.py^;download_housing_data()^;Downloading file from :[https://drive.google.com/uc?export=download&confirm=6gh6&id=1VNpyNkGxHdskfdTNRSjjyNa5qC9u0JyV] into :[D:\Study\ml_pipeline\Fraud_transaction_detection\fraud_detection_artifact\artifact\data_ingestion\2023-07-20-20-57-13\raw_data\Fraud.csv]
[2023-07-20 20:59:31,353]^;ERROR^;19^;main.py^;main()^;
        Error occured in script: 
        [ D:\Study\ml_pipeline\Fraud_transaction_detection\banking\pipeline\pipeline.py ] at 
        try block line number: [120] and exception block line number: [140] 
        error message: [
        Error occured in script: 
        [ D:\Study\ml_pipeline\Fraud_transaction_detection\banking\pipeline\pipeline.py ] at 
        try block line number: [56] and exception block line number: [58] 
        error message: [
        Error occured in script: 
        [ D:\Study\ml_pipeline\Fraud_transaction_detection\banking\components\data_ingestion.py ] at 
        try block line number: [142] and exception block line number: [145] 
        error message: [
        Error occured in script: 
        [ D:\Study\ml_pipeline\Fraud_transaction_detection\banking\components\data_ingestion.py ] at 
        try block line number: [43] and exception block line number: [48] 
        error message: [[WinError 10053] An established connection was aborted by the software in your host machine]
        ]
        ]
        ]
        
